<?xml version="1.0" encoding="UTF-8"?>
<!-- Generated by org.testng.reporters.JUnitReportReporter -->
<testsuite skipped="0" hostname="DESKTOP-N9VNCM1" name="com.hrms.testcases.HwTestPages" tests="1" failures="0" timestamp="2020-01-20T16:10:46 EST" time="40.549" errors="0">
  <testcase name="verifyEmployee" time="40.549" classname="com.hrms.testcases.HwTestPages"/>
</testsuite> <!-- com.hrms.testcases.HwTestPages -->
