<?xml version="1.0" encoding="UTF-8"?>
<!-- Generated by org.testng.reporters.JUnitReportReporter -->
<testsuite skipped="0" hostname="DESKTOP-N9VNCM1" name="com.testcases.LoginPageTest" tests="2" failures="0" timestamp="2020-01-18T16:15:51 EST" time="33.781" errors="0">
  <testcase name="negativeLogin" time="15.982" classname="com.testcases.LoginPageTest"/>
  <testcase name="login" time="17.799" classname="com.testcases.LoginPageTest"/>
</testsuite> <!-- com.testcases.LoginPageTest -->
